<?xml version="1.0" encoding="UTF-8"?>
<!-- Generated by org.testng.reporters.JUnitXMLReporter -->
<testsuite ignored="0" hostname="Bhushan_0409" failures="0" tests="4" name="Test" time="0.09" errors="0" timestamp="2024-02-16T13:43:38 IST">
  <testcase classname="gitDemo.gitPractice.Day1Test" name="tc1" time="0.008"/>
  <testcase classname="gitDemo.gitPractice.Day2Test" name="tc1" time="0.008"/>
  <testcase classname="gitDemo.gitPractice.Day1Test" name="tc2" time="0.001"/>
  <testcase classname="gitDemo.gitPractice.Day2Test" name="tc2" time="0.002"/>
</testsuite> <!-- Test -->
