<?xml version="1.0" encoding="UTF-8"?>
<testng-results ignored="0" total="4" passed="4" failed="0" skipped="0">
  <reporter-output>
  </reporter-output>
  <suite started-at="2024-02-16T13:43:38 IST" name="Suite" finished-at="2024-02-16T13:43:38 IST" duration-ms="90">
    <groups>
    </groups>
    <test started-at="2024-02-16T13:43:38 IST" name="Test" finished-at="2024-02-16T13:43:38 IST" duration-ms="90">
      <class name="gitDemo.gitPractice.Day1Test">
        <test-method signature="tc1()[pri:0, instance:gitDemo.gitPractice.Day1Test@4c1909a3]" started-at="2024-02-16T13:43:38 IST" name="tc1" finished-at="2024-02-16T13:43:38 IST" duration-ms="8" status="PASS">
          <reporter-output>
          </reporter-output>
        </test-method> <!-- tc1 -->
        <test-method signature="tc2()[pri:0, instance:gitDemo.gitPractice.Day1Test@4c1909a3]" started-at="2024-02-16T13:43:38 IST" name="tc2" finished-at="2024-02-16T13:43:38 IST" duration-ms="1" status="PASS">
          <reporter-output>
          </reporter-output>
        </test-method> <!-- tc2 -->
      </class> <!-- gitDemo.gitPractice.Day1Test -->
      <class name="gitDemo.gitPractice.Day2Test">
        <test-method signature="tc1()[pri:0, instance:gitDemo.gitPractice.Day2Test@290222c1]" started-at="2024-02-16T13:43:38 IST" name="tc1" finished-at="2024-02-16T13:43:38 IST" duration-ms="8" status="PASS">
          <reporter-output>
          </reporter-output>
        </test-method> <!-- tc1 -->
        <test-method signature="tc2()[pri:0, instance:gitDemo.gitPractice.Day2Test@290222c1]" started-at="2024-02-16T13:43:38 IST" name="tc2" finished-at="2024-02-16T13:43:38 IST" duration-ms="2" status="PASS">
          <reporter-output>
          </reporter-output>
        </test-method> <!-- tc2 -->
      </class> <!-- gitDemo.gitPractice.Day2Test -->
    </test> <!-- Test -->
  </suite> <!-- Suite -->
</testng-results>
